# JRE version: OpenJDK Runtime Environment (11.0.12+7) (build 11.0.12+7-b1504.28-7817840)
# Java VM: OpenJDK 64-Bit Server VM (11.0.12+7-b1504.28-7817840, mixed mode, tiered, compressed oops, g1 gc, windows-amd64)
Heap:
 garbage-first heap   total 172032K, used 130629K [0x0000000080000000, 0x0000000100000000)
  region size 1024K, 36 young (36864K), 3 survivors (3072K)
 Metaspace       used 75765K, capacity 77651K, committed 77824K, reserved 1116160K
  class space    used 9721K, capacity 10415K, committed 10496K, reserved 1048576K
GC Heap History (20 events):
Event: 19.628 GC heap before
{Heap before GC invocations=37 (full 0):
 garbage-first heap   total 118784K, used 97763K [0x0000000080000000, 0x0000000100000000)
  region size 1024K, 13 young (13312K), 1 survivors (1024K)
 Metaspace       used 57283K, capacity 58816K, committed 58880K, reserved 1099776K
  class space    used 7379K, capacity 7929K, committed 7936K, reserved 1048576K
}
Event: 19.633 GC heap after
{Heap after GC invocations=38 (full 0):
 garbage-first heap   total 118784K, used 86075K [0x0000000080000000, 0x0000000100000000)
  region size 1024K, 2 young (2048K), 2 survivors (2048K)
 Metaspace       used 57283K, capacity 58816K, committed 58880K, reserved 1099776K
  class space    used 7379K, capacity 7929K, committed 7936K, reserved 1048576K
}
Event: 19.952 GC heap before
{Heap before GC invocations=39 (full 0):
 garbage-first heap   total 118784K, used 98363K [0x0000000080000000, 0x0000000100000000)
  region size 1024K, 14 young (14336K), 2 survivors (2048K)
 Metaspace       used 59330K, capacity 60968K, committed 61184K, reserved 1101824K
  class space    used 7587K, capacity 8134K, committed 8192K, reserved 1048576K
}
Event: 19.956 GC heap after
{Heap after GC invocations=40 (full 0):
 garbage-first heap   total 118784K, used 86387K [0x0000000080000000, 0x0000000100000000)
  region size 1024K, 2 young (2048K), 2 survivors (2048K)
 Metaspace       used 59330K, capacity 60968K, committed 61184K, reserved 1101824K
  class space    used 7587K, capacity 8134K, committed 8192K, reserved 1048576K
}
Event: 20.477 GC heap before
{Heap before GC invocations=40 (full 0):
 garbage-first heap   total 118784K, used 98675K [0x0000000080000000, 0x0000000100000000)
  region size 1024K, 14 young (14336K), 2 survivors (2048K)
 Metaspace       used 60971K, capacity 62617K, committed 62848K, reserved 1103872K
  class space    used 7739K, capacity 8298K, committed 8320K, reserved 1048576K
}
Event: 20.483 GC heap after
{Heap after GC invocations=41 (full 0):
 garbage-first heap   total 143360K, used 86947K [0x0000000080000000, 0x0000000100000000)
  region size 1024K, 2 young (2048K), 2 survivors (2048K)
 Metaspace       used 60971K, capacity 62617K, committed 62848K, reserved 1103872K
  class space    used 7739K, capacity 8298K, committed 8320K, reserved 1048576K
}
Event: 22.036 GC heap before
{Heap before GC invocations=42 (full 0):
 garbage-first heap   total 143360K, used 110499K [0x0000000080000000, 0x0000000100000000)
  region size 1024K, 26 young (26624K), 2 survivors (2048K)
 Metaspace       used 64588K, capacity 66214K, committed 66432K, reserved 1107968K
  class space    used 8210K, capacity 8792K, committed 8832K, reserved 1048576K
}
Event: 22.043 GC heap after
{Heap after GC invocations=43 (full 0):
 garbage-first heap   total 143360K, used 89513K [0x0000000080000000, 0x0000000100000000)
  region size 1024K, 4 young (4096K), 4 survivors (4096K)
 Metaspace       used 64588K, capacity 66214K, committed 66432K, reserved 1107968K
  class space    used 8210K, capacity 8792K, committed 8832K, reserved 1048576K
}
Event: 23.048 GC heap before
{Heap before GC invocations=43 (full 0):
 garbage-first heap   total 143360K, used 113065K [0x0000000080000000, 0x0000000100000000)
  region size 1024K, 28 young (28672K), 4 survivors (4096K)
 Metaspace       used 66562K, capacity 68289K, committed 68480K, reserved 1107968K
  class space    used 8453K, capacity 9053K, committed 9088K, reserved 1048576K
}
Event: 23.056 GC heap after
{Heap after GC invocations=44 (full 0):
 garbage-first heap   total 143360K, used 91286K [0x0000000080000000, 0x0000000100000000)
  region size 1024K, 3 young (3072K), 3 survivors (3072K)
 Metaspace       used 66562K, capacity 68289K, committed 68480K, reserved 1107968K
  class space    used 8453K, capacity 9053K, committed 9088K, reserved 1048576K
}
Event: 24.711 GC heap before
{Heap before GC invocations=45 (full 0):
 garbage-first heap   total 143360K, used 113814K [0x0000000080000000, 0x0000000100000000)
  region size 1024K, 26 young (26624K), 3 survivors (3072K)
 Metaspace       used 68279K, capacity 70007K, committed 70272K, reserved 1110016K
  class space    used 8678K, capacity 9261K, committed 9344K, reserved 1048576K
}
Event: 24.716 GC heap after
{Heap after GC invocations=46 (full 0):
 garbage-first heap   total 143360K, used 92432K [0x0000000080000000, 0x0000000100000000)
  region size 1024K, 4 young (4096K), 4 survivors (4096K)
 Metaspace       used 68279K, capacity 70007K, committed 70272K, reserved 1110016K
  class space    used 8678K, capacity 9261K, committed 9344K, reserved 1048576K
}
Event: 24.717 GC heap before
{Heap before GC invocations=46 (full 0):
 garbage-first heap   total 143360K, used 92432K [0x0000000080000000, 0x0000000100000000)
  region size 1024K, 5 young (5120K), 4 survivors (4096K)
 Metaspace       used 68279K, capacity 70007K, committed 70272K, reserved 1110016K
  class space    used 8678K, capacity 9261K, committed 9344K, reserved 1048576K
}
Event: 24.721 GC heap after
{Heap after GC invocations=47 (full 0):
 garbage-first heap   total 143360K, used 92727K [0x0000000080000000, 0x0000000100000000)
  region size 1024K, 2 young (2048K), 2 survivors (2048K)
 Metaspace       used 68279K, capacity 70007K, committed 70272K, reserved 1110016K
  class space    used 8678K, capacity 9261K, committed 9344K, reserved 1048576K
}
Event: 25.709 GC heap before
{Heap before GC invocations=48 (full 0):
 garbage-first heap   total 143360K, used 118327K [0x0000000080000000, 0x0000000100000000)
  region size 1024K, 26 young (26624K), 2 survivors (2048K)
 Metaspace       used 70775K, capacity 72512K, committed 72704K, reserved 1112064K
  class space    used 9000K, capacity 9644K, committed 9728K, reserved 1048576K
}
Event: 25.713 GC heap after
{Heap after GC invocations=49 (full 0):
 garbage-first heap   total 143360K, used 93190K [0x0000000080000000, 0x0000000100000000)
  region size 1024K, 3 young (3072K), 3 survivors (3072K)
 Metaspace       used 70775K, capacity 72512K, committed 72704K, reserved 1112064K
  class space    used 9000K, capacity 9644K, committed 9728K, reserved 1048576K
}
Event: 26.475 GC heap before
{Heap before GC invocations=49 (full 0):
 garbage-first heap   total 143360K, used 117766K [0x0000000080000000, 0x0000000100000000)
  region size 1024K, 27 young (27648K), 3 survivors (3072K)
 Metaspace       used 71697K, capacity 73502K, committed 73600K, reserved 1114112K
  class space    used 9120K, capacity 9758K, committed 9856K, reserved 1048576K
}
Event: 26.485 GC heap after
{Heap after GC invocations=50 (full 0):
 garbage-first heap   total 143360K, used 95648K [0x0000000080000000, 0x0000000100000000)
  region size 1024K, 4 young (4096K), 4 survivors (4096K)
 Metaspace       used 71697K, capacity 73502K, committed 73600K, reserved 1114112K
  class space    used 9120K, capacity 9758K, committed 9856K, reserved 1048576K
}
Event: 26.785 GC heap before
{Heap before GC invocations=51 (full 0):
 garbage-first heap   total 143360K, used 119200K [0x0000000080000000, 0x0000000100000000)
  region size 1024K, 27 young (27648K), 4 survivors (4096K)
 Metaspace       used 71925K, capacity 73761K, committed 73856K, reserved 1114112K
  class space    used 9136K, capacity 9824K, committed 9856K, reserved 1048576K
}
Event: 26.792 GC heap after
{Heap after GC invocations=52 (full 0):
 garbage-first heap   total 172032K, used 97861K [0x0000000080000000, 0x0000000100000000)
  region size 1024K, 3 young (3072K), 3 survivors (3072K)
 Metaspace       used 71925K, capacity 73761K, committed 73856K, reserved 1114112K
  class space    used 9136K, capacity 9824K, committed 9856K, reserved 1048576K
}

