# JRE version: OpenJDK Runtime Environment (11.0.12+7) (build 11.0.12+7-b1504.28-7817840)
# Java VM: OpenJDK 64-Bit Server VM (11.0.12+7-b1504.28-7817840, mixed mode, tiered, compressed oops, g1 gc, windows-amd64)
Heap:
 garbage-first heap   total 143360K, used 98267K [0x0000000080000000, 0x0000000100000000)
  region size 1024K, 4 young (4096K), 2 survivors (2048K)
 Metaspace       used 74841K, capacity 76838K, committed 77056K, reserved 1116160K
  class space    used 9522K, capacity 10220K, committed 10240K, reserved 1048576K
GC Heap History (20 events):
Event: 18.688 GC heap before
{Heap before GC invocations=37 (full 0):
 garbage-first heap   total 118784K, used 96894K [0x0000000080000000, 0x0000000100000000)
  region size 1024K, 14 young (14336K), 1 survivors (1024K)
 Metaspace       used 57622K, capacity 59258K, committed 59520K, reserved 1101824K
  class space    used 7424K, capacity 8005K, committed 8064K, reserved 1048576K
}
Event: 18.694 GC heap after
{Heap after GC invocations=38 (full 0):
 garbage-first heap   total 118784K, used 84223K [0x0000000080000000, 0x0000000100000000)
  region size 1024K, 2 young (2048K), 2 survivors (2048K)
 Metaspace       used 57622K, capacity 59258K, committed 59520K, reserved 1101824K
  class space    used 7424K, capacity 8005K, committed 8064K, reserved 1048576K
}
Event: 19.242 GC heap before
{Heap before GC invocations=39 (full 0):
 garbage-first heap   total 118784K, used 97535K [0x0000000080000000, 0x0000000100000000)
  region size 1024K, 15 young (15360K), 2 survivors (2048K)
 Metaspace       used 59863K, capacity 61547K, committed 61824K, reserved 1103872K
  class space    used 7632K, capacity 8235K, committed 8320K, reserved 1048576K
}
Event: 19.245 GC heap after
{Heap after GC invocations=40 (full 0):
 garbage-first heap   total 118784K, used 84511K [0x0000000080000000, 0x0000000100000000)
  region size 1024K, 2 young (2048K), 2 survivors (2048K)
 Metaspace       used 59863K, capacity 61547K, committed 61824K, reserved 1103872K
  class space    used 7632K, capacity 8235K, committed 8320K, reserved 1048576K
}
Event: 20.266 GC heap before
{Heap before GC invocations=40 (full 0):
 garbage-first heap   total 118784K, used 97823K [0x0000000080000000, 0x0000000100000000)
  region size 1024K, 15 young (15360K), 2 survivors (2048K)
 Metaspace       used 61507K, capacity 63262K, committed 63488K, reserved 1103872K
  class space    used 7816K, capacity 8418K, committed 8448K, reserved 1048576K
}
Event: 20.270 GC heap after
{Heap after GC invocations=41 (full 0):
 garbage-first heap   total 143360K, used 85090K [0x0000000080000000, 0x0000000100000000)
  region size 1024K, 2 young (2048K), 2 survivors (2048K)
 Metaspace       used 61507K, capacity 63262K, committed 63488K, reserved 1103872K
  class space    used 7816K, capacity 8418K, committed 8448K, reserved 1048576K
}
Event: 21.515 GC heap before
{Heap before GC invocations=42 (full 0):
 garbage-first heap   total 143360K, used 110690K [0x0000000080000000, 0x0000000100000000)
  region size 1024K, 28 young (28672K), 2 survivors (2048K)
 Metaspace       used 64787K, capacity 66537K, committed 66688K, reserved 1107968K
  class space    used 8220K, capacity 8829K, committed 8832K, reserved 1048576K
}
Event: 21.521 GC heap after
{Heap after GC invocations=43 (full 0):
 garbage-first heap   total 143360K, used 87795K [0x0000000080000000, 0x0000000100000000)
  region size 1024K, 4 young (4096K), 4 survivors (4096K)
 Metaspace       used 64787K, capacity 66537K, committed 66688K, reserved 1107968K
  class space    used 8220K, capacity 8829K, committed 8832K, reserved 1048576K
}
Event: 23.142 GC heap before
{Heap before GC invocations=43 (full 0):
 garbage-first heap   total 143360K, used 112371K [0x0000000080000000, 0x0000000100000000)
  region size 1024K, 29 young (29696K), 4 survivors (4096K)
 Metaspace       used 67173K, capacity 68913K, committed 69120K, reserved 1110016K
  class space    used 8509K, capacity 9125K, committed 9216K, reserved 1048576K
}
Event: 23.149 GC heap after
{Heap after GC invocations=44 (full 0):
 garbage-first heap   total 143360K, used 89478K [0x0000000080000000, 0x0000000100000000)
  region size 1024K, 2 young (2048K), 2 survivors (2048K)
 Metaspace       used 67173K, capacity 68913K, committed 69120K, reserved 1110016K
  class space    used 8509K, capacity 9125K, committed 9216K, reserved 1048576K
}
Event: 23.588 GC heap before
{Heap before GC invocations=45 (full 0):
 garbage-first heap   total 143360K, used 104838K [0x0000000080000000, 0x0000000100000000)
  region size 1024K, 19 young (19456K), 2 survivors (2048K)
 Metaspace       used 68403K, capacity 70203K, committed 70272K, reserved 1110016K
  class space    used 8682K, capacity 9298K, committed 9344K, reserved 1048576K
}
Event: 23.592 GC heap after
{Heap after GC invocations=46 (full 0):
 garbage-first heap   total 143360K, used 90569K [0x0000000080000000, 0x0000000100000000)
  region size 1024K, 3 young (3072K), 3 survivors (3072K)
 Metaspace       used 68403K, capacity 70203K, committed 70272K, reserved 1110016K
  class space    used 8682K, capacity 9298K, committed 9344K, reserved 1048576K
}
Event: 24.462 GC heap before
{Heap before GC invocations=47 (full 0):
 garbage-first heap   total 143360K, used 116169K [0x0000000080000000, 0x0000000100000000)
  region size 1024K, 27 young (27648K), 3 survivors (3072K)
 Metaspace       used 70884K, capacity 72708K, committed 72960K, reserved 1112064K
  class space    used 9000K, capacity 9681K, committed 9728K, reserved 1048576K
}
Event: 24.467 GC heap after
{Heap after GC invocations=48 (full 0):
 garbage-first heap   total 143360K, used 91334K [0x0000000080000000, 0x0000000100000000)
  region size 1024K, 2 young (2048K), 2 survivors (2048K)
 Metaspace       used 70884K, capacity 72708K, committed 72960K, reserved 1112064K
  class space    used 9000K, capacity 9681K, committed 9728K, reserved 1048576K
}
Event: 25.196 GC heap before
{Heap before GC invocations=48 (full 0):
 garbage-first heap   total 143360K, used 115910K [0x0000000080000000, 0x0000000100000000)
  region size 1024K, 26 young (26624K), 2 survivors (2048K)
 Metaspace       used 71803K, capacity 73693K, committed 73856K, reserved 1114112K
  class space    used 9121K, capacity 9793K, committed 9856K, reserved 1048576K
}
Event: 25.204 GC heap after
{Heap after GC invocations=49 (full 0):
 garbage-first heap   total 143360K, used 93471K [0x0000000080000000, 0x0000000100000000)
  region size 1024K, 4 young (4096K), 4 survivors (4096K)
 Metaspace       used 71803K, capacity 73693K, committed 73856K, reserved 1114112K
  class space    used 9121K, capacity 9793K, committed 9856K, reserved 1048576K
}
Event: 25.791 GC heap before
{Heap before GC invocations=50 (full 0):
 garbage-first heap   total 143360K, used 118047K [0x0000000080000000, 0x0000000100000000)
  region size 1024K, 28 young (28672K), 4 survivors (4096K)
 Metaspace       used 72088K, capacity 74021K, committed 74240K, reserved 1114112K
  class space    used 9144K, capacity 9861K, committed 9984K, reserved 1048576K
}
Event: 25.802 GC heap after
{Heap after GC invocations=51 (full 0):
 garbage-first heap   total 143360K, used 96007K [0x0000000080000000, 0x0000000100000000)
  region size 1024K, 3 young (3072K), 3 survivors (3072K)
 Metaspace       used 72088K, capacity 74021K, committed 74240K, reserved 1114112K
  class space    used 9144K, capacity 9861K, committed 9984K, reserved 1048576K
}
Event: 26.881 GC heap before
{Heap before GC invocations=51 (full 0):
 garbage-first heap   total 143360K, used 119559K [0x0000000080000000, 0x0000000100000000)
  region size 1024K, 26 young (26624K), 3 survivors (3072K)
 Metaspace       used 74620K, capacity 76518K, committed 76800K, reserved 1116160K
  class space    used 9474K, capacity 10156K, committed 10240K, reserved 1048576K
}
Event: 26.887 GC heap after
{Heap after GC invocations=52 (full 0):
 garbage-first heap   total 143360K, used 97243K [0x0000000080000000, 0x0000000100000000)
  region size 1024K, 2 young (2048K), 2 survivors (2048K)
 Metaspace       used 74620K, capacity 76518K, committed 76800K, reserved 1116160K
  class space    used 9474K, capacity 10156K, committed 10240K, reserved 1048576K
}

